{"level":"INFO","time":"2023-10-13T09:20:46.080+0800","caller":"cmd/root.go:32","msg":"rootCmd"}
{"level":"INFO","time":"2023-10-13T09:48:57.570+0800","caller":"cmd/root.go:32","msg":"rootCmd"}
{"level":"INFO","time":"2023-10-16T09:58:03.855+0800","caller":"cmd/root.go:27","msg":"rootCmd"}
{"level":"INFO","time":"2023-10-16T10:33:42.474+0800","caller":"cmd/root.go:34","msg":"rootCmd"}
{"level":"INFO","time":"2023-10-18T10:45:46.063+0800","caller":"user/user.go:25","msg":"login","params":{"username":"zhangsan","password":"123456"}}
{"level":"INFO","time":"2023-10-18T10:47:00.615+0800","caller":"user/user.go:25","msg":"login","params":{"username":"zhangsan","password":"123456"}}
{"level":"INFO","time":"2023-10-18T10:48:17.557+0800","caller":"user/user.go:25","msg":"login","params":{"username":"zhangsan","password":"123456"}}
{"level":"INFO","time":"2023-10-18T10:48:17.558+0800","caller":"logger/logger.go:71","msg":"/user/login","status":200,"method":"POST","path":"/user/login","query":"","ip":"::1","user-agent":"Apifox/1.0.0 (https://apifox.com)","errors":"","cost":0.001399916}
{"level":"INFO","time":"2023-10-18T10:50:45.685+0800","caller":"logger/logger.go:71","msg":"/user/login","status":400,"method":"POST","path":"/user/login","query":"","ip":"::1","user-agent":"Apifox/1.0.0 (https://apifox.com)","errors":"","cost":0.000787125}
{"level":"INFO","time":"2023-10-18T11:08:56.709+0800","caller":"logger/logger.go:71","msg":"/user/login","status":400,"method":"POST","path":"/user/login","query":"","ip":"::1","user-agent":"Apifox/1.0.0 (https://apifox.com)","errors":"","cost":0.000692625}
{"level":"INFO","time":"2023-10-18T11:11:38.490+0800","caller":"logger/logger.go:71","msg":"/user/login","status":400,"method":"POST","path":"/user/login","query":"","ip":"::1","user-agent":"Apifox/1.0.0 (https://apifox.com)","errors":"","cost":0.000069041}
{"level":"INFO","time":"2023-10-18T11:11:43.558+0800","caller":"logger/logger.go:71","msg":"/user/login","status":400,"method":"POST","path":"/user/login","query":"","ip":"::1","user-agent":"Apifox/1.0.0 (https://apifox.com)","errors":"","cost":0.001780375}
{"level":"INFO","time":"2023-10-18T13:41:01.979+0800","caller":"user/user.go:37","msg":"login","params":{"username":"zhangsan","password":"123456"}}
{"level":"INFO","time":"2023-10-18T13:41:01.983+0800","caller":"logger/logger.go:71","msg":"/user/login","status":200,"method":"POST","path":"/user/login","query":"","ip":"::1","user-agent":"Apifox/1.0.0 (https://apifox.com)","errors":"","cost":0.0070055}
{"level":"INFO","time":"2023-10-18T13:41:40.413+0800","caller":"logger/logger.go:71","msg":"/user/login","status":400,"method":"POST","path":"/user/login","query":"","ip":"::1","user-agent":"Apifox/1.0.0 (https://apifox.com)","errors":"","cost":0.001610625}
{"level":"INFO","time":"2023-10-18T13:41:48.878+0800","caller":"user/user.go:37","msg":"login","params":{"username":"zhangsan","password":"123456"}}
{"level":"INFO","time":"2023-10-18T13:41:48.878+0800","caller":"logger/logger.go:71","msg":"/user/login","status":200,"method":"POST","path":"/user/login","query":"","ip":"::1","user-agent":"Apifox/1.0.0 (https://apifox.com)","errors":"","cost":0.000200958}
{"level":"INFO","time":"2023-10-18T13:51:25.143+0800","caller":"user/user.go:37","msg":"login","params":{"username":"zhangsan","password":"123456"}}
{"level":"INFO","time":"2023-10-18T13:51:25.146+0800","caller":"logger/logger.go:80","msg":"/user/login","status":200,"method":"POST","path":"/user/login","query":"","ip":"::1","user-agent":"Apifox/1.0.0 (https://apifox.com)","errors":"","cost":0.003039666}
{"level":"INFO","time":"2023-10-18T13:51:44.960+0800","caller":"user/user.go:37","msg":"login","params":{"username":"zhangsan","password":"123456"}}
{"level":"INFO","time":"2023-10-18T13:51:44.960+0800","caller":"logger/logger.go:80","msg":"/user/login","status":200,"method":"POST","path":"/user/login","query":"","ip":"::1","user-agent":"Apifox/1.0.0 (https://apifox.com)","errors":"","cost":0.00067}
{"level":"INFO","time":"2023-10-18T13:51:46.147+0800","caller":"user/user.go:37","msg":"login","params":{"username":"zhangsan","password":"123456"}}
{"level":"INFO","time":"2023-10-18T13:51:46.148+0800","caller":"logger/logger.go:80","msg":"/user/login","status":200,"method":"POST","path":"/user/login","query":"","ip":"::1","user-agent":"Apifox/1.0.0 (https://apifox.com)","errors":"","cost":0.001104667}
{"level":"INFO","time":"2023-10-18T13:52:48.717+0800","caller":"user/user.go:37","msg":"login","params":{"username":"zhangsan","password":"123456"}}
{"level":"INFO","time":"2023-10-18T13:52:48.719+0800","caller":"logger/logger.go:82","msg":"/user/login","status":200,"method":"POST","path":"/user/login","query":"","ip":"::1","user-agent":"Apifox/1.0.0 (https://apifox.com)","errors":"","cost":0.0021445}
{"level":"INFO","time":"2023-10-18T13:55:46.477+0800","caller":"user/user.go:37","msg":"login","params":{"username":"zhangsan","password":"123456"}}
{"level":"INFO","time":"2023-10-18T13:55:46.480+0800","caller":"logger/logger.go:81","msg":"/user/login","status":200,"method":"POST","path":"/user/login","query":"","ip":"::1","user-agent":"Apifox/1.0.0 (https://apifox.com)","errors":"","cost":0.003233625}
{"level":"INFO","time":"2023-10-18T14:01:01.459+0800","caller":"logger/logger.go:81","msg":"/user/login","status":200,"method":"POST","path":"/user/login","query":"","ip":"::1","user-agent":"Apifox/1.0.0 (https://apifox.com)","errors":"","cost":0.003374416}
{"level":"INFO","time":"2023-10-18T17:09:45.391+0800","caller":"logger/logger.go:81","msg":"/user/login","status":200,"method":"POST","path":"/user/login","query":"","ip":"::1","user-agent":"Apifox/1.0.0 (https://apifox.com)","errors":"","cost":0.000625833}
{"level":"INFO","time":"2023-10-18T17:10:07.782+0800","caller":"logger/logger.go:81","msg":"/user/info","status":200,"method":"GET","path":"/user/info","query":"","ip":"::1","user-agent":"Apifox/1.0.0 (https://apifox.com)","errors":"","cost":0.000011708}
{"level":"INFO","time":"2023-10-18T17:12:17.009+0800","caller":"logger/logger.go:81","msg":"/user/info","status":200,"method":"GET","path":"/user/info","query":"","ip":"::1","user-agent":"Apifox/1.0.0 (https://apifox.com)","errors":"","cost":0.000394}
{"level":"INFO","time":"2023-10-18T17:12:47.222+0800","caller":"logger/logger.go:81","msg":"/user/info","status":200,"method":"GET","path":"/user/info","query":"","ip":"::1","user-agent":"Apifox/1.0.0 (https://apifox.com)","errors":"","cost":0.000351625}
{"level":"INFO","time":"2023-10-18T17:20:44.919+0800","caller":"logger/logger.go:81","msg":"/user/info","status":404,"method":"GET","path":"/user/info","query":"","ip":"::1","user-agent":"Apifox/1.0.0 (https://apifox.com)","errors":"","cost":0.00001875}
{"level":"INFO","time":"2023-10-18T17:20:50.422+0800","caller":"logger/logger.go:81","msg":"/api/user/info","status":200,"method":"GET","path":"/api/user/info","query":"","ip":"::1","user-agent":"Apifox/1.0.0 (https://apifox.com)","errors":"","cost":0.000212709}
{"level":"INFO","time":"2023-10-18T17:20:58.923+0800","caller":"logger/logger.go:81","msg":"/api/user/login","status":404,"method":"POST","path":"/api/user/login","query":"","ip":"::1","user-agent":"Apifox/1.0.0 (https://apifox.com)","errors":"","cost":0.000001208}
{"level":"INFO","time":"2023-10-18T17:21:16.031+0800","caller":"logger/logger.go:81","msg":"/api/login","status":200,"method":"POST","path":"/api/login","query":"","ip":"::1","user-agent":"Apifox/1.0.0 (https://apifox.com)","errors":"","cost":0.000184917}
{"level":"INFO","time":"2023-10-18T17:22:55.557+0800","caller":"logger/logger.go:81","msg":"/api/login","status":200,"method":"POST","path":"/api/login","query":"","ip":"::1","user-agent":"Apifox/1.0.0 (https://apifox.com)","errors":"","cost":0.000353334}
{"level":"INFO","time":"2023-10-18T17:23:36.163+0800","caller":"logger/logger.go:81","msg":"/api/user/info","status":200,"method":"GET","path":"/api/user/info","query":"","ip":"::1","user-agent":"Apifox/1.0.0 (https://apifox.com)","errors":"","cost":0.000126042}
{"level":"INFO","time":"2023-10-18T17:23:47.763+0800","caller":"logger/logger.go:81","msg":"/api/user/info","status":200,"method":"GET","path":"/api/user/info","query":"","ip":"::1","user-agent":"Apifox/1.0.0 (https://apifox.com)","errors":"","cost":0.000075958}
{"level":"INFO","time":"2023-10-18T17:23:50.347+0800","caller":"logger/logger.go:81","msg":"/api/user/info","status":200,"method":"GET","path":"/api/user/info","query":"","ip":"::1","user-agent":"Apifox/1.0.0 (https://apifox.com)","errors":"","cost":0.000249709}
{"level":"INFO","time":"2023-10-18T17:25:54.151+0800","caller":"logger/logger.go:81","msg":"/api/login","status":200,"method":"POST","path":"/api/login","query":"","ip":"::1","user-agent":"Apifox/1.0.0 (https://apifox.com)","errors":"","cost":0.000195}
{"level":"INFO","time":"2023-10-18T17:26:15.306+0800","caller":"logger/logger.go:81","msg":"/api/user/info","status":200,"method":"GET","path":"/api/user/info","query":"","ip":"::1","user-agent":"Apifox/1.0.0 (https://apifox.com)","errors":"","cost":0.000103}
{"level":"DEBUG","time":"2023-10-18T17:27:32.125+0800","caller":"middlewares/auth.go:40","msg":"解析token失败","error":"token is expired by 1m38s"}
{"level":"INFO","time":"2023-10-18T17:27:32.127+0800","caller":"logger/logger.go:81","msg":"/api/user/info","status":200,"method":"GET","path":"/api/user/info","query":"","ip":"::1","user-agent":"Apifox/1.0.0 (https://apifox.com)","errors":"","cost":0.003483917}
{"level":"DEBUG","time":"2023-10-18T17:28:11.595+0800","caller":"middlewares/auth.go:40","msg":"解析token失败","error":"token is expired by 2m17s"}
{"level":"INFO","time":"2023-10-18T17:28:11.598+0800","caller":"middlewares/auth.go:41","msg":"eyJhbGciOiJIUzI1NiIsInR5cCI6IkpXVCJ9.eyJ1c2VyX2lkIjoxMjMsInVzZXJuYW1lIjoidXNlcm5hbWUiLCJleHAiOjE2OTc2MjExNTQsImlzcyI6ImJsdWViZWxsIn0.MVW9w4Ch33h8D6oSmo4omsdrbg-ES4_XEYPvGLBOgUw"}
{"level":"INFO","time":"2023-10-18T17:28:11.598+0800","caller":"logger/logger.go:81","msg":"/api/user/info","status":200,"method":"GET","path":"/api/user/info","query":"","ip":"::1","user-agent":"Apifox/1.0.0 (https://apifox.com)","errors":"","cost":0.002932833}
{"level":"INFO","time":"2023-10-18T17:30:24.067+0800","caller":"logger/logger.go:81","msg":"/api/login","status":200,"method":"POST","path":"/api/login","query":"","ip":"::1","user-agent":"Apifox/1.0.0 (https://apifox.com)","errors":"","cost":0.000567041}
{"level":"INFO","time":"2023-10-18T17:30:33.951+0800","caller":"middlewares/auth.go:48","msg":"查询token"}
{"level":"INFO","time":"2023-10-18T17:30:33.951+0800","caller":"logger/logger.go:81","msg":"/api/user/info","status":200,"method":"GET","path":"/api/user/info","query":"","ip":"::1","user-agent":"Apifox/1.0.0 (https://apifox.com)","errors":"","cost":0.000400708}
{"level":"INFO","time":"2023-10-18T17:35:50.010+0800","caller":"middlewares/auth.go:46","msg":"查询token"}
{"level":"INFO","time":"2023-10-18T17:35:50.010+0800","caller":"logger/logger.go:81","msg":"/api/user/info","status":200,"method":"GET","path":"/api/user/info","query":"","ip":"::1","user-agent":"Apifox/1.0.0 (https://apifox.com)","errors":"","cost":0.001054833}
{"level":"DEBUG","time":"2023-10-18T17:39:43.970+0800","caller":"middlewares/auth.go:27","msg":"eyJhbGciOiJIUzI1NiIsInR5cCI6IkpXVCJ9"}
{"level":"DEBUG","time":"2023-10-18T17:39:43.974+0800","caller":"middlewares/auth.go:31","msg":"请求头中auth格式有误"}
{"level":"INFO","time":"2023-10-18T17:39:43.974+0800","caller":"logger/logger.go:81","msg":"/api/user/info","status":200,"method":"GET","path":"/api/user/info","query":"","ip":"::1","user-agent":"Apifox/1.0.0 (https://apifox.com)","errors":"","cost":0.003416167}
{"level":"DEBUG","time":"2023-10-18T17:42:57.909+0800","caller":"middlewares/auth.go:27","msg":"eyJhbGciOiJIUzI1NiIsInR5cCI6IkpXVCJ9.eyJ1c2VyX2lkIjoxMjMsInVzZXJuYW1lIjoidXNlcm5hbWUiLCJleHAiOjE2OTc2NjQ2MjQsImlzcyI6ImJsdWViZWxsIn0.n9L5BG6e0_GKoS84vS6bxw18Jy5cYy5B0okv5p4Cuxc"}
{"level":"DEBUG","time":"2023-10-18T17:42:57.910+0800","caller":"middlewares/auth.go:31","msg":"请求头中auth格式有误"}
{"level":"INFO","time":"2023-10-18T17:42:57.910+0800","caller":"logger/logger.go:81","msg":"/api/user/info","status":200,"method":"GET","path":"/api/user/info","query":"","ip":"::1","user-agent":"Apifox/1.0.0 (https://apifox.com)","errors":"","cost":0.000991209}
{"level":"DEBUG","time":"2023-10-18T17:43:43.527+0800","caller":"middlewares/auth.go:26","msg":"eyJhbGciOiJIUzI1NiIsInR5cCI6IkpXVCJ9.eyJ1c2VyX2lkIjoxMjMsInVzZXJuYW1lIjoidXNlcm5hbWUiLCJleHAiOjE2OTc2NjQ2MjQsImlzcyI6ImJsdWViZWxsIn0.n9L5BG6e0_GKoS84vS6bxw18Jy5cYy5B0okv5p4Cuxc"}
{"level":"INFO","time":"2023-10-18T17:43:43.534+0800","caller":"middlewares/auth.go:45","msg":"查询token"}
{"level":"INFO","time":"2023-10-18T17:43:43.535+0800","caller":"logger/logger.go:81","msg":"/api/user/info","status":200,"method":"GET","path":"/api/user/info","query":"","ip":"::1","user-agent":"Apifox/1.0.0 (https://apifox.com)","errors":"","cost":0.00767375}
{"level":"INFO","time":"2023-10-19T15:52:55.306+0800","caller":"dao/dao.go:30","msg":"dsn","dsn":"root:123456@tcp(127.0.0.1:3306)/sql_demo?charset=utf8&parseTime=True&loc=Local"}
{"level":"INFO","time":"2023-10-19T15:56:37.880+0800","caller":"logger/logger.go:81","msg":"/api/register","status":200,"method":"POST","path":"/api/register","query":"","ip":"::1","user-agent":"Apifox/1.0.0 (https://apifox.com)","errors":"","cost":0.005842417}
{"level":"ERROR","time":"2023-10-19T15:56:51.597+0800","caller":"dao/user.go:39","msg":"创建用户失败","error":"Error 1062 (23000): Duplicate entry 'zhangsan' for key 'userinfo.username'"}
{"level":"INFO","time":"2023-10-19T15:56:51.597+0800","caller":"logger/logger.go:81","msg":"/api/register","status":200,"method":"POST","path":"/api/register","query":"","ip":"::1","user-agent":"Apifox/1.0.0 (https://apifox.com)","errors":"","cost":0.042484709}
{"level":"INFO","time":"2023-10-19T15:59:58.916+0800","caller":"logger/logger.go:81","msg":"/api/register","status":200,"method":"POST","path":"/api/register","query":"","ip":"::1","user-agent":"Apifox/1.0.0 (https://apifox.com)","errors":"","cost":0.011267125}
{"level":"INFO","time":"2023-10-19T16:00:46.232+0800","caller":"logger/logger.go:81","msg":"/api/register","status":200,"method":"POST","path":"/api/register","query":"","ip":"::1","user-agent":"Apifox/1.0.0 (https://apifox.com)","errors":"","cost":0.005367042}
{"level":"INFO","time":"2023-10-19T16:01:48.599+0800","caller":"logger/logger.go:81","msg":"/api/register","status":200,"method":"POST","path":"/api/register","query":"","ip":"::1","user-agent":"Apifox/1.0.0 (https://apifox.com)","errors":"","cost":0.016130542}
{"level":"INFO","time":"2023-10-19T16:01:54.366+0800","caller":"logger/logger.go:81","msg":"/api/register","status":200,"method":"POST","path":"/api/register","query":"","ip":"::1","user-agent":"Apifox/1.0.0 (https://apifox.com)","errors":"","cost":0.00682}
{"level":"INFO","time":"2023-10-19T16:03:00.399+0800","caller":"logger/logger.go:81","msg":"/api/register","status":200,"method":"POST","path":"/api/register","query":"","ip":"::1","user-agent":"Apifox/1.0.0 (https://apifox.com)","errors":"","cost":0.0283915}
{"level":"INFO","time":"2023-10-19T16:03:24.723+0800","caller":"logger/logger.go:81","msg":"/api/register","status":200,"method":"POST","path":"/api/register","query":"","ip":"::1","user-agent":"Apifox/1.0.0 (https://apifox.com)","errors":"","cost":0.031380834}
{"level":"INFO","time":"2023-10-19T16:23:10.899+0800","caller":"user/user.go:40","msg":"用户名已存在"}
{"level":"INFO","time":"2023-10-19T16:23:10.900+0800","caller":"logger/logger.go:81","msg":"/api/register","status":200,"method":"POST","path":"/api/register","query":"","ip":"::1","user-agent":"Apifox/1.0.0 (https://apifox.com)","errors":"","cost":0.014022792}
{"level":"INFO","time":"2023-10-19T16:23:16.367+0800","caller":"logger/logger.go:81","msg":"/api/register","status":200,"method":"POST","path":"/api/register","query":"","ip":"::1","user-agent":"Apifox/1.0.0 (https://apifox.com)","errors":"","cost":0.035782833}
{"level":"ERROR","time":"2023-10-20T11:01:32.525+0800","caller":"dao/dao.go:43","msg":"auto migrate table failed","error":"Error 1064 (42000): You have an error in your SQL syntax; check the manual that corresponds to your MySQL server version for the right syntax to use near 'BTREE NOT NULL UNIQUE DEFAULT '' COMMENT '手机号',`name` BTREE NOT NULL UNIQU' at line 1"}
{"level":"ERROR","time":"2023-10-20T11:06:11.837+0800","caller":"dao/dao.go:43","msg":"auto migrate table failed","error":"failed to parse '' as default value for int, got error: strconv.ParseInt: parsing \"''\": invalid syntax"}
{"level":"ERROR","time":"2023-10-20T11:14:58.783+0800","caller":"dao/dao.go:43","msg":"auto migrate table failed","error":"Error 1064 (42000): You have an error in your SQL syntax; check the manual that corresponds to your MySQL server version for the right syntax to use near 'BTREE NOT NULL DEFAULT '' COMMENT '手机号'' at line 1"}
{"level":"ERROR","time":"2023-10-20T13:43:07.002+0800","caller":"dao/dao.go:43","msg":"auto migrate table failed","error":"failed to parse '' as default value for int, got error: strconv.ParseInt: parsing \"''\": invalid syntax"}
{"level":"ERROR","time":"2023-10-20T13:49:23.837+0800","caller":"dao/dao.go:43","msg":"auto migrate table failed","error":"failed to parse '0' as default value for int, got error: strconv.ParseInt: parsing \"'0'\": invalid syntax"}
{"level":"INFO","time":"2023-10-20T17:28:32.203+0800","caller":"logger/logger.go:81","msg":"/api/register","status":500,"method":"POST","path":"/api/register","query":"","ip":"::1","user-agent":"Apifox/1.0.0 (https://apifox.com)","errors":"","cost":0.009032084}
{"level":"INFO","time":"2023-10-20T17:46:32.476+0800","caller":"logger/logger.go:81","msg":"/api/register","status":200,"method":"POST","path":"/api/register","query":"","ip":"::1","user-agent":"Apifox/1.0.0 (https://apifox.com)","errors":"","cost":0.028575792}
{"level":"INFO","time":"2023-10-23T10:16:31.550+0800","caller":"logger/logger.go:81","msg":"/api/register","status":200,"method":"POST","path":"/api/register","query":"","ip":"::1","user-agent":"Apifox/1.0.0 (https://apifox.com)","errors":"","cost":0.01461325}
{"level":"INFO","time":"2023-10-23T10:22:39.734+0800","caller":"logger/logger.go:81","msg":"/api/register","status":200,"method":"POST","path":"/api/register","query":"","ip":"::1","user-agent":"Apifox/1.0.0 (https://apifox.com)","errors":"","cost":0.027540083}
{"level":"INFO","time":"2023-10-23T10:45:34.499+0800","caller":"logger/logger.go:81","msg":"/api/login","status":200,"method":"POST","path":"/api/login","query":"","ip":"::1","user-agent":"Apifox/1.0.0 (https://apifox.com)","errors":"","cost":0.017315959}
{"level":"ERROR","time":"2023-10-23T10:46:10.271+0800","caller":"logic/user.go:38","msg":"密码错误"}
{"level":"INFO","time":"2023-10-23T10:46:10.272+0800","caller":"logger/logger.go:81","msg":"/api/login","status":200,"method":"POST","path":"/api/login","query":"","ip":"::1","user-agent":"Apifox/1.0.0 (https://apifox.com)","errors":"","cost":0.008195625}
{"level":"ERROR","time":"2023-10-23T10:47:35.663+0800","caller":"logic/user.go:38","msg":"密码错误"}
{"level":"INFO","time":"2023-10-23T10:47:35.663+0800","caller":"logger/logger.go:81","msg":"/api/login","status":200,"method":"POST","path":"/api/login","query":"","ip":"::1","user-agent":"Apifox/1.0.0 (https://apifox.com)","errors":"","cost":0.012098542}
{"level":"ERROR","time":"2023-10-23T10:48:19.719+0800","caller":"logic/user.go:38","msg":"密码错误"}
{"level":"INFO","time":"2023-10-23T10:48:19.720+0800","caller":"logger/logger.go:81","msg":"/api/login","status":200,"method":"POST","path":"/api/login","query":"","ip":"::1","user-agent":"Apifox/1.0.0 (https://apifox.com)","errors":"","cost":0.0322635}
{"level":"ERROR","time":"2023-10-23T10:50:28.085+0800","caller":"logic/user.go:38","msg":"用户不存在"}
{"level":"INFO","time":"2023-10-23T10:50:28.086+0800","caller":"logger/logger.go:81","msg":"/api/login","status":200,"method":"POST","path":"/api/login","query":"","ip":"::1","user-agent":"Apifox/1.0.0 (https://apifox.com)","errors":"","cost":0.022681542}
{"level":"ERROR","time":"2023-10-23T10:51:17.224+0800","caller":"logic/user.go:38","msg":"用户不存在"}
{"level":"INFO","time":"2023-10-23T10:51:17.227+0800","caller":"logger/logger.go:81","msg":"/api/login","status":200,"method":"POST","path":"/api/login","query":"","ip":"::1","user-agent":"Apifox/1.0.0 (https://apifox.com)","errors":"","cost":0.014152875}
{"level":"ERROR","time":"2023-10-23T10:51:20.481+0800","caller":"logic/user.go:43","msg":"用户名或密码错误"}
{"level":"INFO","time":"2023-10-23T10:51:20.481+0800","caller":"logger/logger.go:81","msg":"/api/login","status":200,"method":"POST","path":"/api/login","query":"","ip":"::1","user-agent":"Apifox/1.0.0 (https://apifox.com)","errors":"","cost":0.006448333}
{"level":"INFO","time":"2023-10-23T10:51:55.378+0800","caller":"logger/logger.go:81","msg":"/api/login","status":200,"method":"POST","path":"/api/login","query":"","ip":"::1","user-agent":"Apifox/1.0.0 (https://apifox.com)","errors":"","cost":0.023350834}
{"level":"ERROR","time":"2023-10-23T10:52:14.232+0800","caller":"logic/user.go:43","msg":"用户名或密码错误"}
{"level":"INFO","time":"2023-10-23T10:52:14.233+0800","caller":"logger/logger.go:81","msg":"/api/login","status":200,"method":"POST","path":"/api/login","query":"","ip":"::1","user-agent":"Apifox/1.0.0 (https://apifox.com)","errors":"","cost":0.010809}
{"level":"INFO","time":"2023-10-23T10:52:18.531+0800","caller":"logger/logger.go:81","msg":"/api/login","status":200,"method":"POST","path":"/api/login","query":"","ip":"::1","user-agent":"Apifox/1.0.0 (https://apifox.com)","errors":"","cost":0.002300333}
{"level":"INFO","time":"2023-10-23T11:18:10.653+0800","caller":"logger/logger.go:81","msg":"/api/register","status":200,"method":"POST","path":"/api/register","query":"","ip":"::1","user-agent":"Apifox/1.0.0 (https://apifox.com)","errors":"","cost":0.034868209}
{"level":"INFO","time":"2023-10-23T11:18:36.667+0800","caller":"logger/logger.go:81","msg":"/api/register","status":200,"method":"POST","path":"/api/register","query":"","ip":"::1","user-agent":"Apifox/1.0.0 (https://apifox.com)","errors":"","cost":0.027704958}
{"level":"INFO","time":"2023-10-23T11:18:43.020+0800","caller":"logger/logger.go:81","msg":"/api/login","status":200,"method":"POST","path":"/api/login","query":"","ip":"::1","user-agent":"Apifox/1.0.0 (https://apifox.com)","errors":"","cost":0.006774}
{"level":"DEBUG","time":"2023-10-23T11:19:40.140+0800","caller":"middlewares/auth.go:22","msg":"请求头中auth为空"}
{"level":"INFO","time":"2023-10-23T11:19:40.141+0800","caller":"logger/logger.go:81","msg":"/api/user/info","status":200,"method":"GET","path":"/api/user/info","query":"","ip":"::1","user-agent":"Apifox/1.0.0 (https://apifox.com)","errors":"","cost":0.001646292}
{"level":"INFO","time":"2023-10-23T11:19:59.566+0800","caller":"logger/logger.go:81","msg":"/api/user/info","status":200,"method":"GET","path":"/api/user/info","query":"","ip":"::1","user-agent":"Apifox/1.0.0 (https://apifox.com)","errors":"","cost":0.00018825}
{"level":"INFO","time":"2023-10-23T11:20:56.319+0800","caller":"logger/logger.go:81","msg":"/api/login","status":200,"method":"POST","path":"/api/login","query":"","ip":"::1","user-agent":"Apifox/1.0.0 (https://apifox.com)","errors":"","cost":0.010224167}
{"level":"INFO","time":"2023-10-23T11:21:02.863+0800","caller":"logger/logger.go:81","msg":"/api/user/info","status":200,"method":"GET","path":"/api/user/info","query":"","ip":"::1","user-agent":"Apifox/1.0.0 (https://apifox.com)","errors":"","cost":0.008840709}
{"level":"INFO","time":"2023-10-23T13:37:17.156+0800","caller":"logger/logger.go:81","msg":"/api/user/info","status":200,"method":"GET","path":"/api/user/info","query":"","ip":"::1","user-agent":"Apifox/1.0.0 (https://apifox.com)","errors":"","cost":0.008149667}
{"level":"INFO","time":"2023-10-23T13:38:32.808+0800","caller":"logger/logger.go:81","msg":"/api/user/info","status":200,"method":"GET","path":"/api/user/info","query":"","ip":"::1","user-agent":"Apifox/1.0.0 (https://apifox.com)","errors":"","cost":0.011887958}
{"level":"DEBUG","time":"2023-10-23T13:40:21.344+0800","caller":"user/user.go:87","msg":"id","id":123}
{"level":"INFO","time":"2023-10-23T13:40:21.354+0800","caller":"logger/logger.go:81","msg":"/api/user/info","status":200,"method":"GET","path":"/api/user/info","query":"","ip":"::1","user-agent":"Apifox/1.0.0 (https://apifox.com)","errors":"","cost":0.010200833}
{"level":"INFO","time":"2023-10-23T13:41:16.050+0800","caller":"logger/logger.go:81","msg":"/api/login","status":200,"method":"POST","path":"/api/login","query":"","ip":"::1","user-agent":"Apifox/1.0.0 (https://apifox.com)","errors":"","cost":0.013860458}
{"level":"INFO","time":"2023-10-23T13:41:24.127+0800","caller":"logger/logger.go:81","msg":"/api/user/info","status":200,"method":"GET","path":"/api/user/info","query":"","ip":"::1","user-agent":"Apifox/1.0.0 (https://apifox.com)","errors":"","cost":0.007623583}
{"level":"INFO","time":"2023-10-23T13:44:37.309+0800","caller":"logger/logger.go:81","msg":"/api/register","status":200,"method":"POST","path":"/api/register","query":"","ip":"::1","user-agent":"Apifox/1.0.0 (https://apifox.com)","errors":"","cost":0.038014542}
{"level":"INFO","time":"2023-10-23T13:44:46.769+0800","caller":"logger/logger.go:81","msg":"/api/register","status":200,"method":"POST","path":"/api/register","query":"","ip":"::1","user-agent":"Apifox/1.0.0 (https://apifox.com)","errors":"","cost":0.030485416}
{"level":"INFO","time":"2023-10-23T13:44:53.296+0800","caller":"logger/logger.go:81","msg":"/api/register","status":200,"method":"POST","path":"/api/register","query":"","ip":"::1","user-agent":"Apifox/1.0.0 (https://apifox.com)","errors":"","cost":0.024529542}
{"level":"INFO","time":"2023-10-23T13:45:00.699+0800","caller":"logger/logger.go:81","msg":"/api/register","status":200,"method":"POST","path":"/api/register","query":"","ip":"::1","user-agent":"Apifox/1.0.0 (https://apifox.com)","errors":"","cost":0.0265215}
